\BOOKMARK [0][-]{part.1}{I\040Measurement}{}% 1
\BOOKMARK [1][-]{section.1}{Physical\040Quantities,\040Units\040and\040Measurement}{part.1}% 2
\BOOKMARK [2][-]{subsection.1.1}{Physical\040Quantities}{section.1}% 3
\BOOKMARK [3][-]{subsubsection.1.1.1}{Dimensional\040Analysis}{subsection.1.1}% 4
\BOOKMARK [2][-]{subsection.1.2}{Prefixes,\040Standard\040Form,\040and\040Order\040of\040Magnitude}{section.1}% 5
\BOOKMARK [2][-]{subsection.1.3}{Scalars\040and\040Vectors}{section.1}% 6
\BOOKMARK [2][-]{subsection.1.4}{Vector\040Analysis}{section.1}% 7
\BOOKMARK [2][-]{subsection.1.5}{Measurement}{section.1}% 8
\BOOKMARK [3][-]{subsubsection.1.5.1}{Precision\040and\040Accuracy}{subsection.1.5}% 9
\BOOKMARK [3][-]{subsubsection.1.5.2}{Measurement\040of\040Lengths}{subsection.1.5}% 10
\BOOKMARK [3][-]{subsubsection.1.5.3}{Simple\040Pendulum}{subsection.1.5}% 11
\BOOKMARK [0][-]{part.2}{II\040Newtonian\040Mechanics}{}% 12
\BOOKMARK [1][-]{section.2}{Kinematics}{part.2}% 13
\BOOKMARK [2][-]{subsection.2.1}{Distance\040and\040Displacement}{section.2}% 14
\BOOKMARK [2][-]{subsection.2.2}{Average\040Speed,\040Average\040Velocity,\040and\040Instantaneous\040Velocity}{section.2}% 15
\BOOKMARK [2][-]{subsection.2.3}{Acceleration}{section.2}% 16
\BOOKMARK [2][-]{subsection.2.4}{Kinematic\040Graphs}{section.2}% 17
\BOOKMARK [3][-]{subsubsection.2.4.1}{Displacement-time\040Graph}{subsection.2.4}% 18
\BOOKMARK [3][-]{subsubsection.2.4.2}{Velocity-time\040Graph}{subsection.2.4}% 19
\BOOKMARK [2][-]{subsection.2.5}{Freefall}{section.2}% 20
\BOOKMARK [2][-]{subsection.2.6}{Air\040drag}{section.2}% 21
\BOOKMARK [1][-]{section.3}{Dynamics}{part.2}% 22
\BOOKMARK [2][-]{subsection.3.1}{Forces}{section.3}% 23
\BOOKMARK [2][-]{subsection.3.2}{Newton's\040Laws\040of\040Motion}{section.3}% 24
\BOOKMARK [2][-]{subsection.3.3}{Effects\040of\040Forces}{section.3}% 25
\BOOKMARK [3][-]{subsubsection.3.3.1}{Static\040System}{subsection.3.3}% 26
\BOOKMARK [3][-]{subsubsection.3.3.2}{Unbalanced\040System}{subsection.3.3}% 27
\BOOKMARK [2][-]{subsection.3.4}{Types\040of\040Forces}{section.3}% 28
\BOOKMARK [3][-]{subsubsection.3.4.1}{Normal\040Force}{subsection.3.4}% 29
\BOOKMARK [3][-]{subsubsection.3.4.2}{Tension}{subsection.3.4}% 30
\BOOKMARK [3][-]{subsubsection.3.4.3}{Friction}{subsection.3.4}% 31
\BOOKMARK [1][-]{section.4}{Mass,\040Weight,\040and\040Density}{part.2}% 32
\BOOKMARK [2][-]{subsection.4.1}{Mass}{section.4}% 33
\BOOKMARK [2][-]{subsection.4.2}{Weight}{section.4}% 34
\BOOKMARK [2][-]{subsection.4.3}{Density}{section.4}% 35
\BOOKMARK [1][-]{section.5}{Turning\040Effect\040of\040Forces}{part.2}% 36
\BOOKMARK [2][-]{subsection.5.1}{Moment}{section.5}% 37
\BOOKMARK [2][-]{subsection.5.2}{Centre\040of\040Gravity}{section.5}% 38
\BOOKMARK [2][-]{subsection.5.3}{Stability}{section.5}% 39
\BOOKMARK [1][-]{section.6}{Pressure}{part.2}% 40
\BOOKMARK [2][-]{subsection.6.1}{Pressure}{section.6}% 41
\BOOKMARK [1][-]{section.7}{Energy,\040Work,\040and\040Power}{part.2}% 42
\BOOKMARK [2][-]{subsection.7.1}{Energy}{section.7}% 43
\BOOKMARK [2][-]{subsection.7.2}{Work}{section.7}% 44
\BOOKMARK [2][-]{subsection.7.3}{Power}{section.7}% 45
\BOOKMARK [0][-]{part.3}{III\040Thermal\040Physics}{}% 46
\BOOKMARK [1][-]{section.8}{Kinetic\040Model\040of\040Matter}{part.3}% 47
\BOOKMARK [2][-]{subsection.8.1}{Three\040States\040of\040Matter}{section.8}% 48
\BOOKMARK [2][-]{subsection.8.2}{Gas\040Laws}{section.8}% 49
\BOOKMARK [1][-]{section.9}{Transfer\040of\040Thermal\040Energy}{part.3}% 50
\BOOKMARK [1][-]{section.10}{Temperature}{part.3}% 51
\BOOKMARK [1][-]{section.11}{Thermal\040Properties\040of\040Matter}{part.3}% 52
\BOOKMARK [2][-]{subsection.11.1}{Heat\040Energy}{section.11}% 53
\BOOKMARK [2][-]{subsection.11.2}{Vaporisation}{section.11}% 54
\BOOKMARK [0][-]{part.4}{IV\040Waves}{}% 55
\BOOKMARK [1][-]{section.12}{General\040Wave\040Properties}{part.4}% 56
\BOOKMARK [2][-]{subsection.12.1}{Definitions}{section.12}% 57
\BOOKMARK [2][-]{subsection.12.2}{Parts\040of\040a\040Wave}{section.12}% 58
\BOOKMARK [3][-]{subsubsection.12.2.1}{Common\040Quantities}{subsection.12.2}% 59
\BOOKMARK [3][-]{subsubsection.12.2.2}{Time-based\040Quantities}{subsection.12.2}% 60
\BOOKMARK [3][-]{subsubsection.12.2.3}{Some\040Things\040Specific\040to\040Longitudinal\040Waves}{subsection.12.2}% 61
\BOOKMARK [3][-]{subsubsection.12.2.4}{Displacement-distance\040Graph}{subsection.12.2}% 62
\BOOKMARK [3][-]{subsubsection.12.2.5}{Displacement-time\040Graph}{subsection.12.2}% 63
\BOOKMARK [2][-]{subsection.12.3}{Wave\040Equation}{section.12}% 64
\BOOKMARK [1][-]{section.13}{Light}{part.4}% 65
\BOOKMARK [2][-]{subsection.13.1}{Reflection}{section.13}% 66
\BOOKMARK [2][-]{subsection.13.2}{Refraction}{section.13}% 67
\BOOKMARK [3][-]{subsubsection.13.2.1}{Essentials}{subsection.13.2}% 68
\BOOKMARK [3][-]{subsubsection.13.2.2}{Lenses}{subsection.13.2}% 69
